<?xml version="1.0" encoding="UTF-8"?>
<!-- Generated by org.testng.reporters.JUnitXMLReporter -->
<testsuite ignored="0" hostname="LAPTOP-GVCH4BHT" failures="0" tests="6" name="Default test" time="0.076" errors="0" timestamp="2023-03-08T08:49:54 IST">
  <testcase classname="com.testng.readdatafromexcel.TestExample" name="test1" time="0.011"/>
  <testcase classname="com.testng.readdatafromexcel.TestExample" name="test2" time="0.002"/>
  <testcase classname="com.testng.readdatafromexcel.TestExample" name="test3" time="0.001"/>
  <testcase classname="com.testng.readdatafromexcel.TestExample" name="test4" time="0.002"/>
  <testcase classname="com.testng.readdatafromexcel.TestExample" name="test5" time="0.003"/>
  <testcase classname="com.testng.readdatafromexcel.TestExample" name="test6" time="0.001"/>
</testsuite> <!-- Default test -->
