<?xml version="1.0" encoding="UTF-8"?>
<!-- Generated by org.testng.reporters.JUnitXMLReporter -->
<testsuite ignored="1" hostname="LAPTOP-GVCH4BHT" failures="2" tests="75" name="Test" time="78.8" errors="0" timestamp="2023-03-09T07:26:33 IST">
  <testcase classname="com.testng.learning.TestCaseWithAndWithOutPriorityExample" name="testCase_c" time="0.011"/>
  <testcase classname="com.testng.learning.TestCaseWithNegativePriorityExample" name="testCase_c" time="0.001"/>
  <testcase classname="com.testng.learning.DataProvidersExample" name="testCase1" time="0.001"/>
  <testcase classname="com.testng.learning.DataProvidersExample" name="testCase1" time="0.002"/>
  <testcase classname="com.testng.learning.DataProvidersExample" name="testCase1" time="0.001"/>
  <testcase classname="com.testng.learning.DataProvidersExample" name="testCase1" time="0.002"/>
  <testcase classname="com.testng.learning.AssertExample" name="testCase1" time="0.004">
    <failure type="java.lang.AssertionError">
      <![CDATA[java.lang.AssertionError
at org.junit.Assert.fail(Assert.java:86)
at org.junit.Assert.fail(Assert.java:95)
at com.testng.learning.AssertExample.testCase1(AssertExample.java:10)
at java.base/java.util.ArrayList.forEach(ArrayList.java:1511)
at java.base/java.util.concurrent.FutureTask.run(FutureTask.java:264)
at java.base/java.util.concurrent.ThreadPoolExecutor.runWorker(ThreadPoolExecutor.java:1136)
at java.base/java.util.concurrent.ThreadPoolExecutor$Worker.run(ThreadPoolExecutor.java:635)
at java.base/java.lang.Thread.run(Thread.java:833)
... Removed 17 stack frames]]>
    </failure>
  </testcase> <!-- testCase1 -->
  <testcase classname="com.testng.learning.CrossBrowserTestingExample" name="testCase1" time="13.281"/>
  <testcase classname="com.testng.learning.BeforeTestAfterTestExample" name="testCase1" time="0.001"/>
  <testcase classname="com.testng.learning.GroupingTestCasesExample" name="testCase1" time="0.001"/>
  <testcase classname="com.testng.learning.DependsOnMethodsExample" name="testCase1" time="5.008"/>
  <testcase classname="com.testng.learning.DependsOnMethodsExample" name="testCase2" time="0.002"/>
  <testcase classname="com.testng.learning.InvocationCountExample" name="testCase1" time="0.001"/>
  <testcase classname="com.testng.learning.InvocationCountExample" name="testCase1" time="0.003"/>
  <testcase classname="com.testng.learning.InvocationCountExample" name="testCase1" time="0.003"/>
  <testcase classname="com.testng.learning.FirstExample" name="testCase1" time="11.601"/>
  <testcase classname="com.testng.learning.BeforeClassAfterClassExample" name="testCase1" time="0.001"/>
  <testcase classname="com.testng.learning.Example2" name="testCase1" time="0.001"/>
  <testcase classname="com.testng.learning.GroupsExample" name="testCase1" time="0.001"/>
  <testcase classname="com.testng.learning.BeforeMethodAfterMethodExample" name="testCase1" time="9.348"/>
  <testcase classname="com.testng.learning.AlwaysRunExample" name="testCase1" time="0.001">
    <failure type="java.lang.AssertionError">
      <![CDATA[java.lang.AssertionError
at org.junit.Assert.fail(Assert.java:86)
at org.junit.Assert.fail(Assert.java:95)
at com.testng.learning.AlwaysRunExample.testCase1(AlwaysRunExample.java:11)
at java.base/java.util.ArrayList.forEach(ArrayList.java:1511)
at java.base/java.util.concurrent.FutureTask.run(FutureTask.java:264)
at java.base/java.util.concurrent.ThreadPoolExecutor.runWorker(ThreadPoolExecutor.java:1136)
at java.base/java.util.concurrent.ThreadPoolExecutor$Worker.run(ThreadPoolExecutor.java:635)
at java.base/java.lang.Thread.run(Thread.java:833)
... Removed 17 stack frames]]>
    </failure>
  </testcase> <!-- testCase1 -->
  <testcase classname="com.testng.learning.EnabledExample" name="testCase1" time="0.001"/>
  <testcase classname="com.testng.learning.TestFile" name="testCase1" time="0.001"/>
  <testcase classname="com.testng.learning.TestFile" name="testCase1" time="0.001"/>
  <testcase classname="com.testng.learning.GroupsExample" name="testCase10" time="0.001"/>
  <testcase classname="com.testng.learning.AssertExample" name="testCase2" time="0.0">
    <skipped/>
  </testcase> <!-- testCase2 -->
  <testcase classname="com.testng.learning.BeforeTestAfterTestExample" name="testCase2" time="0.001"/>
  <testcase classname="com.testng.learning.GroupingTestCasesExample" name="testCase2" time="0.001"/>
  <testcase classname="com.testng.learning.InvocationCountExample" name="testCase2" time="0.001"/>
  <testcase classname="com.testng.learning.InvocationCountExample" name="testCase2" time="0.001"/>
  <testcase classname="com.testng.learning.FirstExample" name="testCase2" time="16.639"/>
  <testcase classname="com.testng.learning.BeforeClassAfterClassExample" name="testCase2" time="0.001"/>
  <testcase classname="com.testng.learning.Example2" name="testCase2" time="0.002"/>
  <testcase classname="com.testng.learning.GroupsExample" name="testCase2" time="0.001"/>
  <testcase classname="com.testng.learning.BeforeMethodAfterMethodExample" name="testCase2" time="15.345"/>
  <testcase classname="com.testng.learning.AlwaysRunExample" name="testCase2" time="0.002"/>
  <testcase classname="com.testng.learning.EnabledExample" name="testCase2" time="0.001"/>
  <testcase classname="com.testng.learning.GroupingTestCasesExample" name="testCase3" time="0.001"/>
  <testcase classname="com.testng.learning.InvocationCountExample" name="testCase3" time="0.001"/>
  <testcase classname="com.testng.learning.GroupsExample" name="testCase3" time="0.0"/>
  <testcase classname="com.testng.learning.GroupingTestCasesExample" name="testCase4" time="0.0"/>
  <testcase classname="com.testng.learning.InvocationCountExample" name="testCase4" time="0.002"/>
  <testcase classname="com.testng.learning.GroupsExample" name="testCase4" time="0.002"/>
  <testcase classname="com.testng.learning.EnabledExample" name="testCase4" time="0.001"/>
  <testcase classname="com.testng.learning.GroupingTestCasesExample" name="testCase5" time="0.001"/>
  <testcase classname="com.testng.learning.GroupsExample" name="testCase5" time="0.0"/>
  <testcase classname="com.testng.learning.EnabledExample" name="testCase5" time="0.001"/>
  <testcase classname="com.testng.learning.GroupsExample" name="testCase6" time="0.001"/>
  <testcase classname="com.testng.learning.EnabledExample" name="testCase6" time="0.001"/>
  <testcase classname="com.testng.learning.GroupsExample" name="testCase7" time="0.001"/>
  <testcase classname="com.testng.learning.GroupsExample" name="testCase8" time="0.0"/>
  <testcase classname="com.testng.learning.GroupsExample" name="testCase9" time="0.002"/>
  <testcase classname="com.testng.learning.TestCasesWithoutPriorityExample" name="testCase_a" time="0.001"/>
  <testcase classname="com.testng.learning.TestCasesWithoutPriorityExample" name="testCase_b" time="0.0"/>
  <testcase classname="com.testng.learning.TestCasesWithoutPriorityExample" name="testCase_c" time="0.001"/>
  <testcase classname="com.testng.learning.TestCasesWithoutPriorityExample" name="testCase_d" time="0.0"/>
  <testcase classname="com.testng.learning.TestCasesWithZeroAsPriorityExample" name="testCase_e" time="0.002"/>
  <testcase classname="com.testng.learning.TestCaseWithAndWithOutPriorityExample" name="testCase_e" time="0.001"/>
  <testcase classname="com.testng.learning.TestCasesWithoutPriorityExample" name="testCase_e" time="0.001"/>
  <testcase classname="com.testng.learning.TestCaseWithNegativePriorityExample" name="testCase_e" time="0.0"/>
  <testcase classname="com.testng.learning.TestCasesWithZeroAsPriorityExample" name="testCase_b" time="0.002"/>
  <testcase classname="com.testng.learning.TestCaseWithAndWithOutPriorityExample" name="testCase_b" time="0.001"/>
  <testcase classname="com.testng.learning.TestCasesWithPriorityExample" name="testCase_b" time="0.001"/>
  <testcase classname="com.testng.learning.TestCaseWithNegativePriorityExample" name="testCase_b" time="0.0"/>
  <testcase classname="com.testng.learning.TestCasesWithPriorityExample" name="testCase_e" time="0.0"/>
  <testcase classname="com.testng.learning.TestCasesWithZeroAsPriorityExample" name="testCase_d" time="0.0"/>
  <testcase classname="com.testng.learning.TestCaseWithAndWithOutPriorityExample" name="testCase_d" time="0.001"/>
  <testcase classname="com.testng.learning.TestCasesWithPriorityExample" name="testCase_d" time="0.001"/>
  <testcase classname="com.testng.learning.TestCaseWithNegativePriorityExample" name="testCase_d" time="0.001"/>
  <testcase classname="com.testng.learning.TestCasesWithZeroAsPriorityExample" name="testCase_a" time="0.001"/>
  <testcase classname="com.testng.learning.TestCaseWithAndWithOutPriorityExample" name="testCase_a" time="0.0"/>
  <testcase classname="com.testng.learning.TestCasesWithPriorityExample" name="testCase_a" time="0.001"/>
  <testcase classname="com.testng.learning.TestCaseWithNegativePriorityExample" name="testCase_a" time="0.001"/>
  <testcase classname="com.testng.learning.TestCasesWithZeroAsPriorityExample" name="testCase_c" time="0.001"/>
  <testcase classname="com.testng.learning.TestCasesWithPriorityExample" name="testCase_c" time="0.001"/>
  <testcase classname="com.testng.learning.EnabledExample" name="testCase3" time="0.0">
    <ignored/>
  </testcase> <!-- testCase3 -->
</testsuite> <!-- Test -->
